# JRE version: Java(TM) SE Runtime Environment (8.0_66-b18) (build 1.8.0_66-b18)
# Java VM: Java HotSpot(TM) Client VM (25.66-b18 mixed mode windows-x86 )
Heap:
 def new generation   total 31040K, used 9822K [0x04600000, 0x067a0000, 0x09b50000)
  eden space 27648K,  32% used [0x04600000, 0x04ec9dc0, 0x06100000)
  from space 3392K,  24% used [0x06100000, 0x061cdca8, 0x06450000)
  to   space 3392K,   0% used [0x06450000, 0x06450000, 0x067a0000)
 tenured generation   total 68728K, used 39374K [0x09b50000, 0x0de6e000, 0x14600000)
   the space 68728K,  57% used [0x09b50000, 0x0c1c3840, 0x0c1c3a00, 0x0de6e000)
 Metaspace       used 23842K, capacity 24476K, committed 25984K, reserved 25984K
GC Heap History (10 events):
Event: 3193.798 GC heap before
{Heap before GC invocations=425 (full 37):
 def new generation   total 31040K, used 29220K [0x04600000, 0x067a0000, 0x09b50000)
  eden space 27648K, 100% used [0x04600000, 0x06100000, 0x06100000)
  from space 3392K,  46% used [0x06100000, 0x06289278, 0x06450000)
  to   space 3392K,   0% used [0x06450000, 0x06450000, 0x067a0000)
 tenured generation   total 68728K, used 42301K [0x09b50000, 0x0de6e000, 0x14600000)
   the space 68728K,  61% used [0x09b50000, 0x0c49f6b0, 0x0c49f800, 0x0de6e000)
 Metaspace       used 24377K, capacity 25308K, committed 25984K, reserved 25984K
Event: 3193.806 GC heap after
Heap after GC invocations=426 (full 37):
 def new generation   total 31040K, used 892K [0x04600000, 0x067a0000, 0x09b50000)
  eden space 27648K,   0% used [0x04600000, 0x04600000, 0x06100000)
  from space 3392K,  26% used [0x06450000, 0x0652f1f0, 0x067a0000)
  to   space 3392K,   0% used [0x06100000, 0x06100000, 0x06450000)
 tenured generation   total 68728K, used 42301K [0x09b50000, 0x0de6e000, 0x14600000)
   the space 68728K,  61% used [0x09b50000, 0x0c49f6b0, 0x0c49f800, 0x0de6e000)
 Metaspace       used 24377K, capacity 25308K, committed 25984K, reserved 25984K
}
Event: 3195.439 GC heap before
{Heap before GC invocations=426 (full 37):
 def new generation   total 31040K, used 28540K [0x04600000, 0x067a0000, 0x09b50000)
  eden space 27648K, 100% used [0x04600000, 0x06100000, 0x06100000)
  from space 3392K,  26% used [0x06450000, 0x0652f1f0, 0x067a0000)
  to   space 3392K,   0% used [0x06100000, 0x06100000, 0x06450000)
 tenured generation   total 68728K, used 42301K [0x09b50000, 0x0de6e000, 0x14600000)
   the space 68728K,  61% used [0x09b50000, 0x0c49f6b0, 0x0c49f800, 0x0de6e000)
 Metaspace       used 24378K, capacity 25308K, committed 25984K, reserved 25984K
Event: 3195.444 GC heap after
Heap after GC invocations=427 (full 37):
 def new generation   total 31040K, used 1454K [0x04600000, 0x067a0000, 0x09b50000)
  eden space 27648K,   0% used [0x04600000, 0x04600000, 0x06100000)
  from space 3392K,  42% used [0x06100000, 0x0626bb50, 0x06450000)
  to   space 3392K,   0% used [0x06450000, 0x06450000, 0x067a0000)
 tenured generation   total 68728K, used 42301K [0x09b50000, 0x0de6e000, 0x14600000)
   the space 68728K,  61% used [0x09b50000, 0x0c49f6b0, 0x0c49f800, 0x0de6e000)
 Metaspace       used 24378K, capacity 25308K, committed 25984K, reserved 25984K
}
Event: 3224.052 GC heap before
{Heap before GC invocations=427 (full 37):
 def new generation   total 31040K, used 29102K [0x04600000, 0x067a0000, 0x09b50000)
  eden space 27648K, 100% used [0x04600000, 0x06100000, 0x06100000)
  from space 3392K,  42% used [0x06100000, 0x0626bb50, 0x06450000)
  to   space 3392K,   0% used [0x06450000, 0x06450000, 0x067a0000)
 tenured generation   total 68728K, used 42301K [0x09b50000, 0x0de6e000, 0x14600000)
   the space 68728K,  61% used [0x09b50000, 0x0c49f6b0, 0x0c49f800, 0x0de6e000)
 Metaspace       used 24482K, capacity 25452K, committed 25984K, reserved 25984K
Event: 3224.058 GC heap after
Heap after GC invocations=428 (full 37):
 def new generation   total 31040K, used 2131K [0x04600000, 0x067a0000, 0x09b50000)
  eden space 27648K,   0% used [0x04600000, 0x04600000, 0x06100000)
  from space 3392K,  62% used [0x06450000, 0x06664c50, 0x067a0000)
  to   space 3392K,   0% used [0x06100000, 0x06100000, 0x06450000)
 tenured generation   total 68728K, used 42301K [0x09b50000, 0x0de6e000, 0x14600000)
   the space 68728K,  61% used [0x09b50000, 0x0c49f6b0, 0x0c49f800, 0x0de6e000)
 Metaspace       used 24482K, capacity 25452K, committed 25984K, reserved 25984K
}
Event: 3224.244 GC heap before
{Heap before GC invocations=428 (full 37):
 def new generation   total 31040K, used 10434K [0x04600000, 0x067a0000, 0x09b50000)
  eden space 27648K,  30% used [0x04600000, 0x04e1bbc8, 0x06100000)
  from space 3392K,  62% used [0x06450000, 0x06664c50, 0x067a0000)
  to   space 3392K,   0% used [0x06100000, 0x06100000, 0x06450000)
 tenured generation   total 68728K, used 42301K [0x09b50000, 0x0de6e000, 0x14600000)
   the space 68728K,  61% used [0x09b50000, 0x0c49f6b0, 0x0c49f800, 0x0de6e000)
 Metaspace       used 24542K, capacity 25516K, committed 25984K, reserved 25984K
Event: 3224.362 GC heap after
Heap after GC invocations=429 (full 38):
 def new generation   total 31040K, used 0K [0x04600000, 0x067a0000, 0x09b50000)
  eden space 27648K,   0% used [0x04600000, 0x04600000, 0x06100000)
  from space 3392K,   0% used [0x06450000, 0x06450000, 0x067a0000)
  to   space 3392K,   0% used [0x06100000, 0x06100000, 0x06450000)
 tenured generation   total 68728K, used 39374K [0x09b50000, 0x0de6e000, 0x14600000)
   the space 68728K,  57% used [0x09b50000, 0x0c1c3840, 0x0c1c3a00, 0x0de6e000)
 Metaspace       used 23816K, capacity 24436K, committed 25984K, reserved 25984K
}
Event: 3225.729 GC heap before
{Heap before GC invocations=429 (full 38):
 def new generation   total 31040K, used 27648K [0x04600000, 0x067a0000, 0x09b50000)
  eden space 27648K, 100% used [0x04600000, 0x06100000, 0x06100000)
  from space 3392K,   0% used [0x06450000, 0x06450000, 0x067a0000)
  to   space 3392K,   0% used [0x06100000, 0x06100000, 0x06450000)
 tenured generation   total 68728K, used 39374K [0x09b50000, 0x0de6e000, 0x14600000)
   the space 68728K,  57% used [0x09b50000, 0x0c1c3840, 0x0c1c3a00, 0x0de6e000)
 Metaspace       used 23839K, capacity 24473K, committed 25984K, reserved 25984K
Event: 3225.733 GC heap after
Heap after GC invocations=430 (full 38):
 def new generation   total 31040K, used 823K [0x04600000, 0x067a0000, 0x09b50000)
  eden space 27648K,   0% used [0x04600000, 0x04600000, 0x06100000)
  from space 3392K,  24% used [0x06100000, 0x061cdca8, 0x06450000)
  to   space 3392K,   0% used [0x06450000, 0x06450000, 0x067a0000)
 tenured generation   total 68728K, used 39374K [0x09b50000, 0x0de6e000, 0x14600000)
   the space 68728K,  57% used [0x09b50000, 0x0c1c3840, 0x0c1c3a00, 0x0de6e000)
 Metaspace       used 23839K, capacity 24473K, committed 25984K, reserved 25984K
}

